{
  "RSpec": {
    "coverage": {
      "/Users/jdliss/turing/3module/projects/rails_engine/app/helpers/application_helper.rb": [
        1,
        null
      ],
      "/Users/jdliss/turing/3module/projects/rails_engine/app/controllers/api/v1/customers_controller.rb": [
        1,
        1,
        1,
        1,
        null,
        null,
        null
      ],
      "/Users/jdliss/turing/3module/projects/rails_engine/app/controllers/api/v1/super_controller.rb": [
        1,
        1,
        1,
        1,
        null,
        1,
        null,
        null,
        null,
        1,
        6,
        null,
        null,
        1,
        19,
        19,
        null,
        null,
        1,
        6,
        null,
        null,
        1,
        13,
        13,
        null,
        null,
        1,
        null,
        1,
        60,
        null,
        null,
        1,
        32,
        96,
        null,
        32,
        32,
        32,
        null,
        null,
        1,
        32,
        null,
        null,
        1,
        16,
        null,
        null,
        1,
        6,
        28,
        null,
        null,
        null,
        null,
        null,
        null,
        null,
        null,
        null,
        null,
        null,
        null,
        null,
        null,
        null,
        null,
        null
      ],
      "/Users/jdliss/turing/3module/projects/rails_engine/app/controllers/api/api_controller.rb": [
        1,
        1,
        1,
        null,
        null
      ],
      "/Users/jdliss/turing/3module/projects/rails_engine/app/controllers/application_controller.rb": [
        1,
        null,
        null,
        1,
        null
      ],
      "/Users/jdliss/turing/3module/projects/rails_engine/app/controllers/api/v1/invoice_items_controller.rb": [
        1,
        1,
        1,
        1,
        null,
        null,
        null
      ],
      "/Users/jdliss/turing/3module/projects/rails_engine/app/controllers/api/v1/invoices_controller.rb": [
        1,
        1,
        1,
        1,
        null,
        null,
        null
      ],
      "/Users/jdliss/turing/3module/projects/rails_engine/app/controllers/api/v1/items_controller.rb": [
        1,
        1,
        1,
        1,
        null,
        1,
        0,
        null,
        null,
        1,
        0,
        null,
        null,
        null,
        null
      ],
      "/Users/jdliss/turing/3module/projects/rails_engine/app/controllers/api/v1/merchants_controller.rb": [
        1,
        1,
        1,
        1,
        null,
        1,
        2,
        null,
        null,
        1,
        1,
        null,
        null,
        1,
        1,
        null,
        null,
        null,
        null
      ],
      "/Users/jdliss/turing/3module/projects/rails_engine/app/controllers/api/v1/transactions_controller.rb": [
        1,
        1,
        1,
        1,
        null,
        null,
        null
      ],
      "/Users/jdliss/turing/3module/projects/rails_engine/app/models/customer.rb": [
        1,
        1,
        1,
        null
      ],
      "/Users/jdliss/turing/3module/projects/rails_engine/app/serializers/customer_serializer.rb": [
        1,
        1,
        null
      ],
      "/Users/jdliss/turing/3module/projects/rails_engine/app/models/invoice.rb": [
        1,
        1,
        1,
        null,
        1,
        1,
        1,
        null
      ],
      "/Users/jdliss/turing/3module/projects/rails_engine/app/serializers/invoice_serializer.rb": [
        1,
        1,
        null
      ],
      "/Users/jdliss/turing/3module/projects/rails_engine/app/models/transaction.rb": [
        1,
        1,
        null,
        1,
        null
      ],
      "/Users/jdliss/turing/3module/projects/rails_engine/app/serializers/transaction_serializer.rb": [
        1,
        1,
        null
      ],
      "/Users/jdliss/turing/3module/projects/rails_engine/app/models/merchant.rb": [
        1,
        1,
        1,
        1,
        1,
        null,
        1,
        2,
        1,
        null,
        1,
        null,
        1,
        null,
        null,
        1,
        null,
        null,
        2,
        null,
        null,
        1,
        null,
        null,
        null,
        1,
        null,
        null,
        1,
        null,
        null,
        null,
        null,
        1,
        null,
        null
      ],
      "/Users/jdliss/turing/3module/projects/rails_engine/app/models/item.rb": [
        1,
        1,
        1,
        1,
        null,
        1,
        null,
        null,
        null,
        0,
        null,
        null,
        null,
        1,
        null,
        null,
        null,
        0,
        null,
        null,
        null
      ],
      "/Users/jdliss/turing/3module/projects/rails_engine/app/models/invoice_item.rb": [
        1,
        1,
        1,
        null
      ],
      "/Users/jdliss/turing/3module/projects/rails_engine/app/serializers/invoice_item_serializer.rb": [
        1,
        1,
        1,
        null,
        1,
        16,
        null,
        null
      ],
      "/Users/jdliss/turing/3module/projects/rails_engine/app/serializers/item_serializer.rb": [
        1,
        1,
        1,
        null,
        1,
        12,
        null,
        null,
        null,
        null
      ],
      "/Users/jdliss/turing/3module/projects/rails_engine/app/serializers/merchant_serializer.rb": [
        1,
        1,
        null
      ]
    },
    "timestamp": 1464920974
  }
}
